EjercicioClima/Library/Bee/Android/Prj/Mono2x/Gradle/launcher/build/intermediates/manifest_merge_blame_file/release/manifest-merger-blame-release-report.txt
1<?xml version="1.0" encoding="utf-8"?>
2<manifest xmlns:android="http://schemas.android.com/apk/res/android"
3    package="com.fa.EjercicioClima"
4    android:installLocation="preferExternal"
5    android:versionCode="1"
6    android:versionName="1.0" >
7
8    <uses-sdk
9        android:minSdkVersion="22"
9-->src\main\AndroidManifest.xml
10        android:targetSdkVersion="30" />
10-->src\main\AndroidManifest.xml
11
12    <supports-screens
12-->src\main\AndroidManifest.xml:3:3-163
13        android:anyDensity="true"
13-->src\main\AndroidManifest.xml:3:135-160
14        android:largeScreens="true"
14-->src\main\AndroidManifest.xml:3:78-105
15        android:normalScreens="true"
15-->src\main\AndroidManifest.xml:3:49-77
16        android:smallScreens="true"
16-->src\main\AndroidManifest.xml:3:21-48
17        android:xlargeScreens="true" />
17-->src\main\AndroidManifest.xml:3:106-134
18
19    <uses-feature android:glEsVersion="0x00030000" />
19-->[:unityLibrary] AndroidManifest.xml:12:5-54
19-->[:unityLibrary] AndroidManifest.xml:12:19-51
20    <uses-feature
20-->[:unityLibrary] AndroidManifest.xml:13:5-15:36
21        android:name="android.hardware.vulkan.version"
21-->[:unityLibrary] AndroidManifest.xml:14:9-55
22        android:required="false" />
22-->[:unityLibrary] AndroidManifest.xml:15:9-33
23
24    <uses-permission android:name="android.permission.INTERNET" />
24-->[:unityLibrary] AndroidManifest.xml:17:5-67
24-->[:unityLibrary] AndroidManifest.xml:17:22-64
25    <uses-permission android:name="android.permission.CAMERA" />
25-->[:unityLibrary] AndroidManifest.xml:18:5-65
25-->[:unityLibrary] AndroidManifest.xml:18:22-62
26
27    <uses-feature
27-->[:unityLibrary] AndroidManifest.xml:20:5-22:36
28        android:name="android.hardware.camera"
28-->[:unityLibrary] AndroidManifest.xml:21:9-47
29        android:required="true" />
29-->[:unityLibrary] AndroidManifest.xml:22:9-33
30    <uses-feature
30-->[:unityLibrary] AndroidManifest.xml:23:5-25:36
31        android:name="android.hardware.camera.autofocus"
31-->[:unityLibrary] AndroidManifest.xml:24:9-57
32        android:required="false" />
32-->[:unityLibrary] AndroidManifest.xml:25:9-33
33    <uses-feature
33-->[:unityLibrary] AndroidManifest.xml:26:5-28:36
34        android:name="android.hardware.camera.front"
34-->[:unityLibrary] AndroidManifest.xml:27:9-53
35        android:required="false" />
35-->[:unityLibrary] AndroidManifest.xml:28:9-33
36    <uses-feature
36-->[:unityLibrary] AndroidManifest.xml:29:5-31:36
37        android:name="android.hardware.touchscreen"
37-->[:unityLibrary] AndroidManifest.xml:30:9-52
38        android:required="false" />
38-->[:unityLibrary] AndroidManifest.xml:31:9-33
39    <uses-feature
39-->[:unityLibrary] AndroidManifest.xml:32:5-34:36
40        android:name="android.hardware.touchscreen.multitouch"
40-->[:unityLibrary] AndroidManifest.xml:33:9-63
41        android:required="false" />
41-->[:unityLibrary] AndroidManifest.xml:34:9-33
42    <uses-feature
42-->[:unityLibrary] AndroidManifest.xml:35:5-37:36
43        android:name="android.hardware.touchscreen.multitouch.distinct"
43-->[:unityLibrary] AndroidManifest.xml:36:9-72
44        android:required="false" />
44-->[:unityLibrary] AndroidManifest.xml:37:9-33
45
46    <uses-permission android:name="android.permission.ACCESS_NETWORK_STATE" />
46-->[:VuforiaWrapper:] AndroidManifest.xml:13:5-79
46-->[:VuforiaWrapper:] AndroidManifest.xml:13:22-76
47
48    <application
48-->src\main\AndroidManifest.xml:4:3-83
49        android:extractNativeLibs="true"
49-->[:unityLibrary] AndroidManifest.xml:39:18-50
50        android:icon="@mipmap/app_icon"
50-->src\main\AndroidManifest.xml:4:49-80
51        android:label="@string/app_name" >
51-->src\main\AndroidManifest.xml:4:16-48
52        <activity
52-->[:unityLibrary] AndroidManifest.xml:40:9-60:20
53            android:name="com.unity3d.player.UnityPlayerActivity"
53-->[:unityLibrary] AndroidManifest.xml:41:13-66
54            android:configChanges="mcc|mnc|locale|touchscreen|keyboard|keyboardHidden|navigation|orientation|screenLayout|uiMode|screenSize|smallestScreenSize|fontScale|layoutDirection|density"
54-->[:unityLibrary] AndroidManifest.xml:42:13-194
55            android:hardwareAccelerated="false"
55-->[:unityLibrary] AndroidManifest.xml:43:13-48
56            android:launchMode="singleTask"
56-->[:unityLibrary] AndroidManifest.xml:44:13-44
57            android:resizeableActivity="false"
57-->[:unityLibrary] AndroidManifest.xml:45:13-47
58            android:screenOrientation="fullUser"
58-->[:unityLibrary] AndroidManifest.xml:46:13-49
59            android:theme="@style/UnityThemeSelector" >
59-->[:unityLibrary] AndroidManifest.xml:47:13-54
60            <intent-filter>
60-->[:unityLibrary] AndroidManifest.xml:48:13-52:29
61                <action android:name="android.intent.action.MAIN" />
61-->[:unityLibrary] AndroidManifest.xml:49:17-69
61-->[:unityLibrary] AndroidManifest.xml:49:25-66
62
63                <category android:name="android.intent.category.LAUNCHER" />
63-->[:unityLibrary] AndroidManifest.xml:51:17-77
63-->[:unityLibrary] AndroidManifest.xml:51:27-74
64            </intent-filter>
65
66            <meta-data
66-->[:unityLibrary] AndroidManifest.xml:54:13-56:40
67                android:name="unityplayer.UnityActivity"
67-->[:unityLibrary] AndroidManifest.xml:55:17-57
68                android:value="true" />
68-->[:unityLibrary] AndroidManifest.xml:56:17-37
69            <meta-data
69-->[:unityLibrary] AndroidManifest.xml:57:13-59:40
70                android:name="android.notch_support"
70-->[:unityLibrary] AndroidManifest.xml:58:17-53
71                android:value="true" />
71-->[:unityLibrary] AndroidManifest.xml:59:17-37
72        </activity>
73
74        <meta-data
74-->[:unityLibrary] AndroidManifest.xml:62:9-64:33
75            android:name="unity.splash-mode"
75-->[:unityLibrary] AndroidManifest.xml:63:13-45
76            android:value="0" />
76-->[:unityLibrary] AndroidManifest.xml:64:13-30
77        <meta-data
77-->[:unityLibrary] AndroidManifest.xml:65:9-67:36
78            android:name="unity.splash-enable"
78-->[:unityLibrary] AndroidManifest.xml:66:13-47
79            android:value="True" />
79-->[:unityLibrary] AndroidManifest.xml:67:13-33
80        <meta-data
80-->[:unityLibrary] AndroidManifest.xml:68:9-70:36
81            android:name="unity.launch-fullscreen"
81-->[:unityLibrary] AndroidManifest.xml:69:13-51
82            android:value="True" />
82-->[:unityLibrary] AndroidManifest.xml:70:13-33
83        <meta-data
83-->[:unityLibrary] AndroidManifest.xml:71:9-73:37
84            android:name="unity.allow-resizable-window"
84-->[:unityLibrary] AndroidManifest.xml:72:13-56
85            android:value="False" />
85-->[:unityLibrary] AndroidManifest.xml:73:13-34
86        <meta-data
86-->[:unityLibrary] AndroidManifest.xml:74:9-76:50
87            android:name="notch.config"
87-->[:unityLibrary] AndroidManifest.xml:75:13-40
88            android:value="portrait|landscape" />
88-->[:unityLibrary] AndroidManifest.xml:76:13-47
89        <meta-data
89-->[:unityLibrary] AndroidManifest.xml:77:9-79:40
90            android:name="com.google.ar.core"
90-->[:unityLibrary] AndroidManifest.xml:78:13-46
91            android:value="optional" /> <!-- The minimal version code of ARCore APK required for an app using this SDK. -->
91-->[:unityLibrary] AndroidManifest.xml:79:13-37
92        <meta-data
92-->[com.google.ar:core:1.18.0] AndroidManifest.xml:32:9-34:41
93            android:name="com.google.ar.core.min_apk_version"
93-->[com.google.ar:core:1.18.0] AndroidManifest.xml:33:13-62
94            android:value="200501000" /> <!-- This activity is critical for installing ARCore when it is not already present. -->
94-->[com.google.ar:core:1.18.0] AndroidManifest.xml:34:13-38
95        <activity
95-->[com.google.ar:core:1.18.0] AndroidManifest.xml:36:9-42:80
96            android:name="com.google.ar.core.InstallActivity"
96-->[com.google.ar:core:1.18.0] AndroidManifest.xml:37:13-62
97            android:configChanges="keyboardHidden|orientation|screenSize"
97-->[com.google.ar:core:1.18.0] AndroidManifest.xml:38:13-74
98            android:excludeFromRecents="true"
98-->[com.google.ar:core:1.18.0] AndroidManifest.xml:39:13-46
99            android:exported="false"
99-->[com.google.ar:core:1.18.0] AndroidManifest.xml:40:13-37
100            android:launchMode="singleTop"
100-->[com.google.ar:core:1.18.0] AndroidManifest.xml:41:13-43
101            android:theme="@android:style/Theme.Material.Light.Dialog.Alert" />
101-->[com.google.ar:core:1.18.0] AndroidManifest.xml:42:13-77
102    </application>
103
104</manifest>